<?xml version="1.0" encoding="UTF-8"?>
<!-- Generated by org.testng.reporters.JUnitXMLReporter -->
<testsuite ignored="0" hostname="WINDOWS-H5DBR98" failures="0" tests="1" name="Imac Test" time="0.042" errors="0" timestamp="2023-07-31T18:50:23 IST">
  <testcase classname="testcomponents.BaseTest" name="@BeforeMethod launchApplication" time="0.001">
    <failure type="java.lang.NullPointerException" message="Cannot invoke &amp;quot;org.openqa.selenium.WebDriver.manage()&amp;quot; because &amp;quot;this.driver&amp;quot; is null">
      <![CDATA[java.lang.NullPointerException: Cannot invoke "org.openqa.selenium.WebDriver.manage()" because "this.driver" is null
at drivers.BrowserInit.initializeDriver(BrowserInit.java:75)
at testcomponents.BaseTest.launchApplication(BaseTest.java:108)
at java.base/java.util.ArrayList.forEach(ArrayList.java:1511)
... Removed 31 stack frames]]>
    </failure>
  </testcase> <!-- @BeforeMethod launchApplication -->
  <testcase classname="tests.IMacAddtoCartTest" name="iMacAddtoCart" time="0.0">
    <skipped/>
  </testcase> <!-- iMacAddtoCart -->
</testsuite> <!-- Imac Test -->
