<?xml version="1.0" encoding="UTF-8"?>
<!-- Generated by org.testng.reporters.JUnitXMLReporter -->
<testsuite ignored="0" hostname="WINDOWS-H5DBR98" failures="0" tests="4" name="Regression Test" time="494.908" errors="0" timestamp="2023-08-06T12:31:24 IST">
  <testcase classname="tests.EndToEndTest" name="compare" time="146.207"/>
  <testcase classname="tests.EndToEndTest" name="updatedeletetablet" time="12.92"/>
  <testcase classname="tests.EndToEndTest" name="returnproduct" time="61.865"/>
  <testcase classname="tests.EndToEndTest" name="wishlist" time="121.417"/>
</testsuite> <!-- Regression Test -->
