<?xml version="1.0" encoding="UTF-8"?>
<!-- Generated by org.testng.reporters.JUnitXMLReporter -->
<testsuite ignored="0" hostname="WINDOWS-H5DBR98" failures="1"
	tests="1" name="Tablet Test" time="61.831" errors="0"
	timestamp="2023-07-30T08:08:50 IST">
	<testcase classname="tests.TabletUpdateRemoveCartTest"
		name="UpdateandDeleteTablet" time="25.198">
		<failure type="java.lang.AssertionError"
			message="expected [true] but found [false]">
      <![CDATA[java.lang.AssertionError: expected [true] but found [false]
at testcomponents.BaseTest.SuccessMessage(BaseTest.java:99)
at tests.TabletUpdateRemoveCartTest.UpdateandDeleteTablet(TabletUpdateRemoveCartTest.java:29)
at java.base/java.util.ArrayList.forEach(ArrayList.java:1511)
... Removed 31 stack frames]]>
		</failure>
	</testcase> <!-- UpdateandDeleteTablet -->
</testsuite> <!-- Tablet Test -->
