<?xml version="1.0" encoding="UTF-8"?>
<!-- Generated by org.testng.reporters.JUnitXMLReporter -->
<testsuite ignored="0" hostname="WINDOWS-H5DBR98" failures="1"
	tests="1" name="Wish List Test" time="99.857" errors="0"
	timestamp="2023-07-30T08:06:15 IST">
	<testcase classname="tests.WishListTest" name="wishlist"
		time="48.071">
		<failure type="java.lang.AssertionError"
			message="expected [true] but found [false]">
      <![CDATA[java.lang.AssertionError: expected [true] but found [false]
at testcomponents.BaseTest.SuccessMessage(BaseTest.java:99)
at tests.WishListTest.wishlist(WishListTest.java:34)
at java.base/java.util.ArrayList.forEach(ArrayList.java:1511)
... Removed 31 stack frames]]>
		</failure>
	</testcase> <!-- wishlist -->
</testsuite> <!-- Wish List Test -->
