<?xml version="1.0" encoding="UTF-8"?>
<testng-results ignored="0" total="4" passed="4" failed="0" skipped="0">
  <reporter-output>
  </reporter-output>
  <suite started-at="2023-08-06T12:23:08 IST" name="Suite" finished-at="2023-08-06T12:31:23 IST" duration-ms="494908">
    <groups>
    </groups>
    <test started-at="2023-08-06T12:23:08 IST" name="Regression Test" finished-at="2023-08-06T12:31:23 IST" duration-ms="494908">
      <class name="tests.EndToEndTest">
        <test-method is-config="true" signature="launchApplication()[pri:0, instance:tests.EndToEndTest@2fd953a6]" started-at="2023-08-06T12:23:08 IST" name="launchApplication" finished-at="2023-08-06T12:23:31 IST" duration-ms="22949" status="PASS">
          <reporter-output>
          </reporter-output>
        </test-method> <!-- launchApplication -->
        <test-method signature="compare()[pri:1, instance:tests.EndToEndTest@2fd953a6]" started-at="2023-08-06T12:23:31 IST" name="compare" finished-at="2023-08-06T12:25:58 IST" duration-ms="146207" status="PASS">
          <reporter-output>
          </reporter-output>
        </test-method> <!-- compare -->
        <test-method is-config="true" signature="tearDown()[pri:0, instance:tests.EndToEndTest@2fd953a6]" started-at="2023-08-06T12:25:58 IST" name="tearDown" finished-at="2023-08-06T12:26:01 IST" duration-ms="3572" status="PASS">
          <reporter-output>
          </reporter-output>
        </test-method> <!-- tearDown -->
        <test-method is-config="true" signature="launchApplication()[pri:0, instance:tests.EndToEndTest@2fd953a6]" started-at="2023-08-06T12:26:01 IST" name="launchApplication" finished-at="2023-08-06T12:26:42 IST" duration-ms="40680" status="PASS">
          <reporter-output>
          </reporter-output>
        </test-method> <!-- launchApplication -->
        <test-method signature="updatedeletetablet()[pri:2, instance:tests.EndToEndTest@2fd953a6]" started-at="2023-08-06T12:26:42 IST" name="updatedeletetablet" finished-at="2023-08-06T12:26:55 IST" duration-ms="12920" status="PASS">
          <reporter-output>
          </reporter-output>
        </test-method> <!-- updatedeletetablet -->
        <test-method is-config="true" signature="tearDown()[pri:0, instance:tests.EndToEndTest@2fd953a6]" started-at="2023-08-06T12:26:55 IST" name="tearDown" finished-at="2023-08-06T12:26:59 IST" duration-ms="3918" status="PASS">
          <reporter-output>
          </reporter-output>
        </test-method> <!-- tearDown -->
        <test-method is-config="true" signature="launchApplication()[pri:0, instance:tests.EndToEndTest@2fd953a6]" started-at="2023-08-06T12:26:59 IST" name="launchApplication" finished-at="2023-08-06T12:27:24 IST" duration-ms="25671" status="PASS">
          <reporter-output>
          </reporter-output>
        </test-method> <!-- launchApplication -->
        <test-method signature="returnproduct()[pri:3, instance:tests.EndToEndTest@2fd953a6]" started-at="2023-08-06T12:27:24 IST" name="returnproduct" finished-at="2023-08-06T12:28:26 IST" duration-ms="61865" status="PASS">
          <reporter-output>
          </reporter-output>
        </test-method> <!-- returnproduct -->
        <test-method is-config="true" signature="tearDown()[pri:0, instance:tests.EndToEndTest@2fd953a6]" started-at="2023-08-06T12:28:26 IST" name="tearDown" finished-at="2023-08-06T12:28:33 IST" duration-ms="6827" status="PASS">
          <reporter-output>
          </reporter-output>
        </test-method> <!-- tearDown -->
        <test-method is-config="true" signature="launchApplication()[pri:0, instance:tests.EndToEndTest@2fd953a6]" started-at="2023-08-06T12:28:33 IST" name="launchApplication" finished-at="2023-08-06T12:29:21 IST" duration-ms="47860" status="PASS">
          <reporter-output>
          </reporter-output>
        </test-method> <!-- launchApplication -->
        <test-method signature="wishlist()[pri:4, instance:tests.EndToEndTest@2fd953a6]" started-at="2023-08-06T12:29:21 IST" name="wishlist" finished-at="2023-08-06T12:31:22 IST" duration-ms="121417" status="PASS">
          <reporter-output>
          </reporter-output>
        </test-method> <!-- wishlist -->
        <test-method is-config="true" signature="tearDown()[pri:0, instance:tests.EndToEndTest@2fd953a6]" started-at="2023-08-06T12:31:22 IST" name="tearDown" finished-at="2023-08-06T12:31:23 IST" duration-ms="915" status="PASS">
          <reporter-output>
          </reporter-output>
        </test-method> <!-- tearDown -->
      </class> <!-- tests.EndToEndTest -->
    </test> <!-- Regression Test -->
  </suite> <!-- Suite -->
</testng-results>
